2016-04-09 18:21:35 INFO  Main:13 - Testing logger info 123
2016-04-09 18:21:35 WARN  Main:14 - Testing logger warn 123
2016-04-09 18:21:35 DEBUG Main:15 - Testing logger debug 123
2016-04-09 18:21:35 ERROR Main:16 - Testing logger error 123
2016-04-09 18:21:35 FATAL Main:17 - Testing logger fatal 123
2016-04-09 18:25:54 INFO  Main:13 - sending message to client: marks
2016-04-09 18:36:49 INFO  StoreTest:20 - com.mongodb.MongoDatabaseImpl@4d50efb8
2016-04-09 18:38:08 INFO  StoreTest:20 - database name: test-db
2016-04-09 18:40:56 INFO  StoreTest:19 - database name: test-db
2016-04-09 18:42:14 INFO  StoreTest:20 - database name: test-db
2016-04-09 18:50:11 INFO  StoreTest:29 - database name: test-db
2016-04-09 19:02:23 INFO  Main:17 - sending message to client: DB: marksDB
2016-04-09 19:02:28 INFO  Main:17 - sending message to client: DB: marksDB
2016-04-09 19:03:01 INFO  Main:17 - sending message to client: DB: marksDB
2016-04-09 19:11:47 INFO  Main:17 - sending message to client: DB NAME: marksDB
2016-04-10 14:12:34 INFO  UserController:23 - new: User{email='test@test.com'}
2016-04-10 14:14:10 INFO  UserController:23 - new: User{email='test2@test.com'}
2016-04-10 14:20:07 INFO  UserController:24 - new: User{email='test2@test.com'}
2016-04-10 14:29:13 INFO  UserController:23 - new: User{email='test2@test.com'}
2016-04-10 15:15:57 INFO  UserController:23 - new: User{email='test2@test.com'}
2016-04-10 15:16:39 INFO  UserController:24 - new: User{email='test2@test.com'}
2016-04-10 15:17:38 INFO  UserController:24 - new: User{email='test2@test.com'}
2016-04-10 15:28:34 INFO  UserController:24 - new: User{email='test2@test.com'}
2016-04-10 15:33:15 INFO  UserController:28 - new: User{email='test2@test.com'}
2016-04-10 15:34:27 INFO  UserController:30 - new: User{email='test2@test.com'}
2016-04-10 15:35:11 INFO  UserController:30 - new: User{email='test2@test.com'}
2016-04-10 15:51:02 INFO  UserController:24 - class com.marks.model.User
2016-04-10 15:54:04 INFO  UserController:25 - new: User{email='test2@test.com'}
2016-04-10 15:54:04 INFO  UserController:27 - saved: Key{collection=users, id=570a5afc4aa8ec10748d1f89}
2016-04-10 16:03:35 INFO  UserController:28 - exists: User{email='test2@test.com'}
2016-04-10 16:03:35 INFO  UserController:29 - new: User{email='test2@test.com'}
2016-04-10 16:03:35 INFO  UserController:31 - saved: Key{collection=users, id=570a5d374aa8ec108df4ab24}
2016-04-10 16:03:54 INFO  UserController:28 - exists: null
2016-04-10 16:03:54 INFO  UserController:29 - new: User{email='test3@test.com'}
2016-04-10 16:03:54 INFO  UserController:31 - saved: Key{collection=users, id=570a5d4a4aa8ec108df4ab25}
2016-04-10 16:07:57 INFO  UserController:32 - new: User{email='test4@test.com'}
2016-04-10 16:07:57 INFO  UserController:34 - saved: Key{collection=users, id=570a5e3d4aa8ec109e958533}
